[debug] [2018-06-22T05:55:40.680Z] ----------------------------------------------------------------------
[debug] [2018-06-22T05:55:40.681Z] Command:       /usr/local/Cellar/node/10.2.1/bin/node /usr/local/bin/firebase serve
[debug] [2018-06-22T05:55:40.681Z] CLI Version:   3.18.6
[debug] [2018-06-22T05:55:40.681Z] Platform:      darwin
[debug] [2018-06-22T05:55:40.681Z] Node Version:  v10.2.1
[debug] [2018-06-22T05:55:40.682Z] Time:          Fri Jun 22 2018 14:55:40 GMT+0900 (JST)
[debug] [2018-06-22T05:55:40.682Z] ----------------------------------------------------------------------
[debug] 
[debug] [2018-06-22T05:55:40.690Z] > command requires scopes: ["email","openid","https://www.googleapis.com/auth/cloudplatformprojects.readonly","https://www.googleapis.com/auth/firebase","https://www.googleapis.com/auth/cloud-platform"]
[debug] [2018-06-22T05:55:40.690Z] > authorizing via signed-in user
[debug] [2018-06-22T05:55:40.691Z] >>> HTTP REQUEST GET https://admin.firebase.com/v1/projects/ec2018og  
  
 Fri Jun 22 2018 14:55:40 GMT+0900 (JST)
[debug] [2018-06-22T05:55:41.944Z] <<< HTTP RESPONSE 200
[debug] [2018-06-22T05:55:41.945Z] >>> HTTP REQUEST GET https://admin.firebase.com/v1/database/ec2018og/tokens  
  
 Fri Jun 22 2018 14:55:41 GMT+0900 (JST)
[debug] [2018-06-22T05:55:42.885Z] <<< HTTP RESPONSE 200
[debug] [2018-06-22T05:55:42.887Z] >>> HTTP REQUEST GET https://cloudresourcemanager.googleapis.com/v1/projects/ec2018og  
  
 Fri Jun 22 2018 14:55:42 GMT+0900 (JST)
[debug] [2018-06-22T05:55:44.060Z] <<< HTTP RESPONSE 200
[info] 
[info] === Serving from '/Users/kyokonakajima/testfc/friendlychat-web/web-start'...
[info] 
[info] i  functions: Preparing to emulate functions.
[debug] [2018-06-22T05:55:44.463Z] Fetching environment
[debug] [2018-06-22T05:55:44.465Z] >>> HTTP REQUEST GET https://mobilesdk-pa.googleapis.com/v1/projects/371784527983:getServerAppConfig  
  
 Fri Jun 22 2018 14:55:44 GMT+0900 (JST)
[debug] [2018-06-22T05:55:44.466Z] >>> HTTP REQUEST GET https://mobilesdk-pa.googleapis.com/v1/projects/371784527983/clients/_:getWebAppConfig  
  
 Fri Jun 22 2018 14:55:44 GMT+0900 (JST)
[debug] [2018-06-22T05:55:45.596Z] <<< HTTP RESPONSE 200
[debug] [2018-06-22T05:55:45.596Z] Starting @google-cloud/functions-emulator
[debug] [2018-06-22T05:55:45.610Z] <<< HTTP RESPONSE 200
[info] i  hosting: Serving hosting files from: ./
[info] ✔  hosting: Local server: http://localhost:5000

[debug] [2018-06-22T05:55:46.649Z] Parsing function triggers
[info] i  functions: No HTTPS functions found. Use firebase functions:shell if you would like to emulate other types of functions.
